<?xml version="1.0" encoding="UTF-8"?>
  <testsuites tests="3" disabled="0" errors="0" failures="1" time="0.918825125">
      <testsuite name="API Workflow Suite Test" package="/Users/jackson.tmm/Desktop/api-test-generator/test" tests="3" disabled="0" skipped="0" errors="0" failures="1" time="0.918825125" timestamp="2025-06-10T23:50:10">
          <properties>
              <property name="SuiteSucceeded" value="false"></property>
              <property name="SuiteHasProgrammaticFocus" value="false"></property>
              <property name="SpecialSuiteFailureReason" value=""></property>
              <property name="SuiteLabels" value="[]"></property>
              <property name="RandomSeed" value="1749570609"></property>
              <property name="RandomizeAllSpecs" value="false"></property>
              <property name="LabelFilter" value=""></property>
              <property name="FocusStrings" value=""></property>
              <property name="SkipStrings" value=""></property>
              <property name="FocusFiles" value=""></property>
              <property name="SkipFiles" value=""></property>
              <property name="FailOnPending" value="false"></property>
              <property name="FailOnEmpty" value="false"></property>
              <property name="FailFast" value="true"></property>
              <property name="FlakeAttempts" value="0"></property>
              <property name="DryRun" value="false"></property>
              <property name="ParallelTotal" value="1"></property>
              <property name="OutputInterceptorMode" value=""></property>
          </properties>
          <testcase name="[BeforeSuite]" classname="API Workflow Suite Test" status="passed" time="2.875e-05">
              <system-err>&gt; Enter [BeforeSuite] TOP-LEVEL - /Users/jackson.tmm/Desktop/api-test-generator/test/api_test_suite_test.go:11 @ 06/10/25 23:50:10.693&#xA;&lt; Exit [BeforeSuite] TOP-LEVEL - /Users/jackson.tmm/Desktop/api-test-generator/test/api_test_suite_test.go:11 @ 06/10/25 23:50:10.693 (0s)&#xA;</system-err>
          </testcase>
          <testcase name="[It] [ API TEST WORKFLOW ]  &lt; API Test : example_workflow &gt;  &lt; Scenario : Test Spanish Data Generation API Workflow &gt;" classname="API Workflow Suite Test" status="failed" time="0.917151916">
              <failure message="&#xA;&#x9;Error Trace:&#x9;assert.go:259&#xA;&#x9;            &#x9;&#x9;&#x9;&#x9;assert.go:89&#xA;&#x9;            &#x9;&#x9;&#x9;&#x9;assert.go:78&#xA;&#x9;            &#x9;&#x9;&#x9;&#x9;apitest.go:1079&#xA;&#x9;            &#x9;&#x9;&#x9;&#x9;apitest.go:908&#xA;&#x9;            &#x9;&#x9;&#x9;&#x9;apitest.go:715&#xA;&#x9;            &#x9;&#x9;&#x9;&#x9;sub.go:403&#xA;&#x9;            &#x9;&#x9;&#x9;&#x9;sub.go:346&#xA;&#x9;            &#x9;&#x9;&#x9;&#x9;main.go:78&#xA;&#x9;            &#x9;&#x9;&#x9;&#x9;api_workflow_test.go:200&#xA;&#x9;            &#x9;&#x9;&#x9;&#x9;api_workflow_test.go:86&#xA;&#x9;            &#x9;&#x9;&#x9;&#x9;node.go:475&#xA;&#x9;            &#x9;&#x9;&#x9;&#x9;suite.go:894&#xA;&#x9;            &#x9;&#x9;&#x9;&#x9;asm_arm64.s:1223&#xA;&#x9;Error:      &#x9;Not equal: &#xA;&#x9;            &#x9;expected: 200&#xA;&#x9;            &#x9;actual  : 429&#xA;&#x9;Test:       &#x9;[ API TEST WORKFLOW ]  &lt; API Test : example_workflow &gt;  &lt; Scenario : Test Spanish Data Generation API Workflow &gt;&#xA;&#x9;Messages:   &#x9;Status code 429 not equal to 200&#xA;&#x9;Name:       &#x9;Step - generate_person_profile&#xA;" type="failed">[FAILED] &#xA;&#x9;Error Trace:&#x9;assert.go:259&#xA;&#x9;            &#x9;&#x9;&#x9;&#x9;assert.go:89&#xA;&#x9;            &#x9;&#x9;&#x9;&#x9;assert.go:78&#xA;&#x9;            &#x9;&#x9;&#x9;&#x9;apitest.go:1079&#xA;&#x9;            &#x9;&#x9;&#x9;&#x9;apitest.go:908&#xA;&#x9;            &#x9;&#x9;&#x9;&#x9;apitest.go:715&#xA;&#x9;            &#x9;&#x9;&#x9;&#x9;sub.go:403&#xA;&#x9;            &#x9;&#x9;&#x9;&#x9;sub.go:346&#xA;&#x9;            &#x9;&#x9;&#x9;&#x9;main.go:78&#xA;&#x9;            &#x9;&#x9;&#x9;&#x9;api_workflow_test.go:200&#xA;&#x9;            &#x9;&#x9;&#x9;&#x9;api_workflow_test.go:86&#xA;&#x9;            &#x9;&#x9;&#x9;&#x9;node.go:475&#xA;&#x9;            &#x9;&#x9;&#x9;&#x9;suite.go:894&#xA;&#x9;            &#x9;&#x9;&#x9;&#x9;asm_arm64.s:1223&#xA;&#x9;Error:      &#x9;Not equal: &#xA;&#x9;            &#x9;expected: 200&#xA;&#x9;            &#x9;actual  : 429&#xA;&#x9;Test:       &#x9;[ API TEST WORKFLOW ]  &lt; API Test : example_workflow &gt;  &lt; Scenario : Test Spanish Data Generation API Workflow &gt;&#xA;&#x9;Messages:   &#x9;Status code 429 not equal to 200&#xA;&#x9;Name:       &#x9;Step - generate_person_profile&#xA;In [It] at: /Users/jackson.tmm/go/pkg/mod/github.com/steinfletcher/apitest@v1.6.0/assert.go:105 @ 06/10/25 23:50:11.611&#xA;</failure>
              <system-err>&gt; Enter [BeforeEach] [ API TEST WORKFLOW ] - /Users/jackson.tmm/Desktop/api-test-generator/test/api_workflow_test.go:36 @ 06/10/25 23:50:10.694&#xA;&lt; Exit [BeforeEach] [ API TEST WORKFLOW ] - /Users/jackson.tmm/Desktop/api-test-generator/test/api_workflow_test.go:36 @ 06/10/25 23:50:10.694 (0s)&#xA;&gt; Enter [BeforeEach] TOP-LEVEL - /Users/jackson.tmm/Desktop/api-test-generator/test/api_workflow_test.go:49 @ 06/10/25 23:50:10.694&#xA;&lt; Exit [BeforeEach] TOP-LEVEL - /Users/jackson.tmm/Desktop/api-test-generator/test/api_workflow_test.go:49 @ 06/10/25 23:50:10.694 (0s)&#xA;&gt; Enter [BeforeEach] TOP-LEVEL - /Users/jackson.tmm/Desktop/api-test-generator/test/api_workflow_test.go:67 @ 06/10/25 23:50:10.694&#xA;&lt; Exit [BeforeEach] TOP-LEVEL - /Users/jackson.tmm/Desktop/api-test-generator/test/api_workflow_test.go:67 @ 06/10/25 23:50:10.694 (0s)&#xA;&gt; Enter [It] &lt; Scenario : Test Spanish Data Generation API Workflow &gt; - /Users/jackson.tmm/Desktop/api-test-generator/test/api_workflow_test.go:85 @ 06/10/25 23:50:10.694&#xA;[FAILED] &#xA;&#x9;Error Trace:&#x9;assert.go:259&#xA;&#x9;            &#x9;&#x9;&#x9;&#x9;assert.go:89&#xA;&#x9;            &#x9;&#x9;&#x9;&#x9;assert.go:78&#xA;&#x9;            &#x9;&#x9;&#x9;&#x9;apitest.go:1079&#xA;&#x9;            &#x9;&#x9;&#x9;&#x9;apitest.go:908&#xA;&#x9;            &#x9;&#x9;&#x9;&#x9;apitest.go:715&#xA;&#x9;            &#x9;&#x9;&#x9;&#x9;sub.go:403&#xA;&#x9;            &#x9;&#x9;&#x9;&#x9;sub.go:346&#xA;&#x9;            &#x9;&#x9;&#x9;&#x9;main.go:78&#xA;&#x9;            &#x9;&#x9;&#x9;&#x9;api_workflow_test.go:200&#xA;&#x9;            &#x9;&#x9;&#x9;&#x9;api_workflow_test.go:86&#xA;&#x9;            &#x9;&#x9;&#x9;&#x9;node.go:475&#xA;&#x9;            &#x9;&#x9;&#x9;&#x9;suite.go:894&#xA;&#x9;            &#x9;&#x9;&#x9;&#x9;asm_arm64.s:1223&#xA;&#x9;Error:      &#x9;Not equal: &#xA;&#x9;            &#x9;expected: 200&#xA;&#x9;            &#x9;actual  : 429&#xA;&#x9;Test:       &#x9;[ API TEST WORKFLOW ]  &lt; API Test : example_workflow &gt;  &lt; Scenario : Test Spanish Data Generation API Workflow &gt;&#xA;&#x9;Messages:   &#x9;Status code 429 not equal to 200&#xA;&#x9;Name:       &#x9;Step - generate_person_profile&#xA;In [It] at: /Users/jackson.tmm/go/pkg/mod/github.com/steinfletcher/apitest@v1.6.0/assert.go:105 @ 06/10/25 23:50:11.611&#xA;&lt; Exit [It] &lt; Scenario : Test Spanish Data Generation API Workflow &gt; - /Users/jackson.tmm/Desktop/api-test-generator/test/api_workflow_test.go:85 @ 06/10/25 23:50:11.611 (917ms)&#xA;&gt; Enter [AfterEach] TOP-LEVEL - /Users/jackson.tmm/Desktop/api-test-generator/test/api_workflow_test.go:74 @ 06/10/25 23:50:11.611&#xA;&lt; Exit [AfterEach] TOP-LEVEL - /Users/jackson.tmm/Desktop/api-test-generator/test/api_workflow_test.go:74 @ 06/10/25 23:50:11.611 (0s)&#xA;&gt; Enter [AfterEach] TOP-LEVEL - /Users/jackson.tmm/Desktop/api-test-generator/test/api_workflow_test.go:56 @ 06/10/25 23:50:11.611&#xA;&lt; Exit [AfterEach] TOP-LEVEL - /Users/jackson.tmm/Desktop/api-test-generator/test/api_workflow_test.go:56 @ 06/10/25 23:50:11.611 (0s)&#xA;&gt; Enter [AfterEach] [ API TEST WORKFLOW ] - /Users/jackson.tmm/Desktop/api-test-generator/test/api_workflow_test.go:41 @ 06/10/25 23:50:11.611&#xA;&lt; Exit [AfterEach] [ API TEST WORKFLOW ] - /Users/jackson.tmm/Desktop/api-test-generator/test/api_workflow_test.go:41 @ 06/10/25 23:50:11.611 (0s)&#xA;</system-err>
          </testcase>
          <testcase name="[AfterSuite]" classname="API Workflow Suite Test" status="passed" time="4.3958e-05">
              <system-err>&gt; Enter [AfterSuite] TOP-LEVEL - /Users/jackson.tmm/Desktop/api-test-generator/test/api_test_suite_test.go:16 @ 06/10/25 23:50:11.612&#xA;&lt; Exit [AfterSuite] TOP-LEVEL - /Users/jackson.tmm/Desktop/api-test-generator/test/api_test_suite_test.go:16 @ 06/10/25 23:50:11.612 (0s)&#xA;</system-err>
          </testcase>
      </testsuite>
  </testsuites>